Using pre-set license
Built from '2020.3/staging' branch; Version is '2020.3.5f1 (8095aa901b9b) revision 8426922'; Using compiler version '192528614'; Build Type 'Release'
OS: 'Windows 10 Home; OS build 19042.928; Version 2009; 64bit' Language: 'en' Physical Memory: 32679 MB
BatchMode: 1, IsHumanControllingUs: 0, StartBugReporterOnCrash: 0, Is64bit: 1, IsPro: 0

 COMMAND LINE ARGUMENTS:
D:\Unity Engines\2020.3.5f1\Editor\Unity.exe
-adb2
-batchMode
-noUpm
-name
AssetImportWorker0
-projectPath
D:/GitHub/Project-Alpha/ProjectAlpha
-logFile
Logs/AssetImportWorker0.log
-srvPort
56475
Successfully changed project path to: D:/GitHub/Project-Alpha/ProjectAlpha
D:/GitHub/Project-Alpha/ProjectAlpha
Using Asset Import Pipeline V2.
Refreshing native plugins compatible for Editor in 22.03 ms, found 0 plugins.
Preloading 0 native plugins for Editor in 0.00 ms.
Initialize engine version: 2020.3.5f1 (8095aa901b9b)
[Subsystems] Discovering subsystems at path D:/Unity Engines/2020.3.5f1/Editor/Data/Resources/UnitySubsystems
[Subsystems] Discovering subsystems at path D:/GitHub/Project-Alpha/ProjectAlpha/Assets
GfxDevice: creating device client; threaded=0
Direct3D:
    Version:  Direct3D 11.0 [level 11.1]
    Renderer: NVIDIA GeForce RTX 2060 SUPER (ID=0x1f47)
    Vendor:   
    VRAM:     8031 MB
    Driver:   27.21.14.6611
Initialize mono
Mono path[0] = 'D:/Unity Engines/2020.3.5f1/Editor/Data/Managed'
Mono path[1] = 'D:/Unity Engines/2020.3.5f1/Editor/Data/MonoBleedingEdge/lib/mono/unityjit'
Mono config path = 'D:/Unity Engines/2020.3.5f1/Editor/Data/MonoBleedingEdge/etc'
Using monoOptions --debugger-agent=transport=dt_socket,embedding=1,server=y,suspend=n,address=127.0.0.1:56948
Begin MonoManager ReloadAssembly
Registering precompiled unity dll's ...
Register platform support module: D:/Unity Engines/2020.3.5f1/Editor/Data/PlaybackEngines/WindowsStandaloneSupport/UnityEditor.WindowsStandalone.Extensions.dll
Registered in 0.000803 seconds.
Native extension for WindowsStandalone target not found
Refreshing native plugins compatible for Editor in 21.06 ms, found 0 plugins.
Preloading 0 native plugins for Editor in 0.00 ms.
Mono: successfully reloaded assembly
- Completed reload, in  0.985 seconds
Platform modules already initialized, skipping
Registering precompiled user dll's ...
Registered in 0.000368 seconds.
Begin MonoManager ReloadAssembly
Native extension for WindowsStandalone target not found
Refreshing native plugins compatible for Editor in 20.46 ms, found 0 plugins.
Preloading 0 native plugins for Editor in 0.00 ms.
Mono: successfully reloaded assembly
- Completed reload, in  0.593 seconds
Platform modules already initialized, skipping
========================================================================
Worker process is ready to serve import requests
Launched and connected shader compiler UnityShaderCompiler.exe after 0.04 seconds
Refreshing native plugins compatible for Editor in 0.28 ms, found 0 plugins.
Preloading 0 native plugins for Editor in 0.00 ms.
Unloading 1423 Unused Serialized files (Serialized files now loaded: 0)
System memory in use before: 67.7 MB.
System memory in use after: 67.7 MB.

Unloading 12 unused Assets to reduce memory usage. Loaded Objects now: 1867.
Total: 1.767700 ms (FindLiveObjects: 0.160200 ms CreateObjectMapping: 0.037500 ms MarkObjects: 1.504700 ms  DeleteObjects: 0.064700 ms)

========================================================================
Received Import Request.
  path: Assets/Scripts
  artifactKey: Guid(ae41bd6c64205de489ce06220450e0cd) Importer(815301076,1909f56bfc062723c751e8b465ee728b)
Start importing Assets/Scripts using Guid(ae41bd6c64205de489ce06220450e0cd) Importer(815301076,1909f56bfc062723c751e8b465ee728b)  -> (artifact id: '24a6a968c0fba59964c22c9118b3d2f4') in 0.006729 seconds
  Import took 0.008574 seconds .

========================================================================
Received Import Request.
  Time since last request: 2.008758 seconds.
  path: Assets/Scripts/Gameplay
  artifactKey: Guid(2228dab0495c6404b99f4a0610ee00dc) Importer(815301076,1909f56bfc062723c751e8b465ee728b)
Start importing Assets/Scripts/Gameplay using Guid(2228dab0495c6404b99f4a0610ee00dc) Importer(815301076,1909f56bfc062723c751e8b465ee728b)  -> (artifact id: '86234368be5422193a76adeffaefadfc') in 0.003296 seconds
  Import took 0.005422 seconds .

========================================================================
Received Import Request.
  Time since last request: 0.003049 seconds.
  path: Assets/Scripts/Gameplay
  artifactKey: Guid(2228dab0495c6404b99f4a0610ee00dc) Importer(815301076,1909f56bfc062723c751e8b465ee728b)
Start importing Assets/Scripts/Gameplay using Guid(2228dab0495c6404b99f4a0610ee00dc) Importer(815301076,1909f56bfc062723c751e8b465ee728b)  -> (artifact id: '86234368be5422193a76adeffaefadfc') in 0.001279 seconds
  Import took 0.002714 seconds .

========================================================================
Received Import Request.
  Time since last request: 8.561225 seconds.
  path: Assets/Scripts/Gameplay/InputManager.cs
  artifactKey: Guid(ea891ec1cb2df1b4683997eb84f1ff4a) Importer(815301076,1909f56bfc062723c751e8b465ee728b)
Start importing Assets/Scripts/Gameplay/InputManager.cs using Guid(ea891ec1cb2df1b4683997eb84f1ff4a) Importer(815301076,1909f56bfc062723c751e8b465ee728b)  -> (artifact id: '8949576c5735ae01576b09bf3274f444') in 0.023570 seconds
  Import took 0.025635 seconds .

========================================================================
Received Prepare
Registering precompiled user dll's ...
Registered in 0.000311 seconds.
Begin MonoManager ReloadAssembly
Native extension for WindowsStandalone target not found
Refreshing native plugins compatible for Editor in 0.27 ms, found 0 plugins.
Preloading 0 native plugins for Editor in 0.00 ms.
Mono: successfully reloaded assembly
- Completed reload, in  0.544 seconds
Platform modules already initialized, skipping
Refreshing native plugins compatible for Editor in 0.13 ms, found 0 plugins.
Preloading 0 native plugins for Editor in 0.00 ms.
Unloading 1419 Unused Serialized files (Serialized files now loaded: 0)
System memory in use before: 67.8 MB.
System memory in use after: 67.8 MB.

Unloading 5 unused Assets to reduce memory usage. Loaded Objects now: 1871.
Total: 1.510300 ms (FindLiveObjects: 0.152400 ms CreateObjectMapping: 0.028100 ms MarkObjects: 1.297900 ms  DeleteObjects: 0.031200 ms)

========================================================================
Received Import Request.
  Time since last request: 13.887900 seconds.
  path: Assets/Scripts/Gameplay/PlayerActions.inputactions
  artifactKey: Guid(1b4c6c9833befab4db1062c0232a09ab) Importer(815301076,1909f56bfc062723c751e8b465ee728b)
Start importing Assets/Scripts/Gameplay/PlayerActions.inputactions using Guid(1b4c6c9833befab4db1062c0232a09ab) Importer(815301076,1909f56bfc062723c751e8b465ee728b)  -> (artifact id: '15afcdd369ed69e52bbfa9ab6c1f4161') in 0.020716 seconds
  Import took 0.022912 seconds .

========================================================================
Received Import Request.
  Time since last request: 0.005801 seconds.
  path: Assets/Scripts/Gameplay/PlayerActions.inputactions
  artifactKey: Guid(1b4c6c9833befab4db1062c0232a09ab) Importer(815301076,1909f56bfc062723c751e8b465ee728b)
Start importing Assets/Scripts/Gameplay/PlayerActions.inputactions using Guid(1b4c6c9833befab4db1062c0232a09ab) Importer(815301076,1909f56bfc062723c751e8b465ee728b)  -> (artifact id: '15afcdd369ed69e52bbfa9ab6c1f4161') in 0.001727 seconds
  Import took 0.003628 seconds .

========================================================================
Received Import Request.
  Time since last request: 3.399691 seconds.
  path: Assets/Scripts/Gameplay/PlayerActions.inputactions
  artifactKey: Guid(1b4c6c9833befab4db1062c0232a09ab) Importer(815301076,1909f56bfc062723c751e8b465ee728b)
Start importing Assets/Scripts/Gameplay/PlayerActions.inputactions using Guid(1b4c6c9833befab4db1062c0232a09ab) Importer(815301076,1909f56bfc062723c751e8b465ee728b)  -> (artifact id: '2475159b64b6ed1d791fbdbfe75d42de') in 0.001725 seconds
  Import took 0.003750 seconds .

========================================================================
Received Import Request.
  Time since last request: 0.009602 seconds.
  path: Assets/Scripts/Gameplay/PlayerActions.inputactions
  artifactKey: Guid(1b4c6c9833befab4db1062c0232a09ab) Importer(815301076,1909f56bfc062723c751e8b465ee728b)
Start importing Assets/Scripts/Gameplay/PlayerActions.inputactions using Guid(1b4c6c9833befab4db1062c0232a09ab) Importer(815301076,1909f56bfc062723c751e8b465ee728b)  -> (artifact id: '2475159b64b6ed1d791fbdbfe75d42de') in 0.001536 seconds
  Import took 0.003431 seconds .

========================================================================
Received Prepare
Registering precompiled user dll's ...
Registered in 0.000319 seconds.
Begin MonoManager ReloadAssembly
Native extension for WindowsStandalone target not found
Refreshing native plugins compatible for Editor in 0.28 ms, found 0 plugins.
Preloading 0 native plugins for Editor in 0.00 ms.
Mono: successfully reloaded assembly
- Completed reload, in  0.549 seconds
Platform modules already initialized, skipping
Refreshing native plugins compatible for Editor in 0.15 ms, found 0 plugins.
Preloading 0 native plugins for Editor in 0.00 ms.
Unloading 1420 Unused Serialized files (Serialized files now loaded: 0)
System memory in use before: 67.8 MB.
System memory in use after: 67.9 MB.

Unloading 5 unused Assets to reduce memory usage. Loaded Objects now: 1875.
Total: 1.485700 ms (FindLiveObjects: 0.142900 ms CreateObjectMapping: 0.030000 ms MarkObjects: 1.286500 ms  DeleteObjects: 0.025800 ms)

========================================================================
Received Import Request.
  Time since last request: 25.654831 seconds.
  path: Assets/Scripts/Gameplay/PlayerActions.inputactions
  artifactKey: Guid(1b4c6c9833befab4db1062c0232a09ab) Importer(815301076,1909f56bfc062723c751e8b465ee728b)
Start importing Assets/Scripts/Gameplay/PlayerActions.inputactions using Guid(1b4c6c9833befab4db1062c0232a09ab) Importer(815301076,1909f56bfc062723c751e8b465ee728b)  -> (artifact id: 'a4d24a7fc25474707d569e44eab54dfd') in 0.012547 seconds
  Import took 0.014792 seconds .

========================================================================
Received Prepare
Registering precompiled user dll's ...
Registered in 0.000345 seconds.
Begin MonoManager ReloadAssembly
Native extension for WindowsStandalone target not found
Refreshing native plugins compatible for Editor in 0.27 ms, found 0 plugins.
Preloading 0 native plugins for Editor in 0.00 ms.
Mono: successfully reloaded assembly
- Completed reload, in  0.556 seconds
Platform modules already initialized, skipping
Refreshing native plugins compatible for Editor in 0.24 ms, found 0 plugins.
Preloading 0 native plugins for Editor in 0.00 ms.
Unloading 1420 Unused Serialized files (Serialized files now loaded: 0)
System memory in use before: 67.8 MB.
System memory in use after: 67.9 MB.

Unloading 5 unused Assets to reduce memory usage. Loaded Objects now: 1878.
Total: 1.979200 ms (FindLiveObjects: 0.282400 ms CreateObjectMapping: 0.040800 ms MarkObjects: 1.601200 ms  DeleteObjects: 0.054000 ms)

========================================================================
Received Prepare
Registering precompiled user dll's ...
Registered in 0.000311 seconds.
Begin MonoManager ReloadAssembly
Native extension for WindowsStandalone target not found
Refreshing native plugins compatible for Editor in 0.27 ms, found 0 plugins.
Preloading 0 native plugins for Editor in 0.00 ms.
Mono: successfully reloaded assembly
- Completed reload, in  0.557 seconds
Platform modules already initialized, skipping
Refreshing native plugins compatible for Editor in 0.15 ms, found 0 plugins.
Preloading 0 native plugins for Editor in 0.00 ms.
Unloading 1420 Unused Serialized files (Serialized files now loaded: 0)
System memory in use before: 67.9 MB.
System memory in use after: 67.9 MB.

Unloading 5 unused Assets to reduce memory usage. Loaded Objects now: 1881.
Total: 1.766200 ms (FindLiveObjects: 0.154800 ms CreateObjectMapping: 0.029800 ms MarkObjects: 1.524600 ms  DeleteObjects: 0.056300 ms)

========================================================================
Received Prepare
Registering precompiled user dll's ...
Registered in 0.000318 seconds.
Begin MonoManager ReloadAssembly
Native extension for WindowsStandalone target not found
Refreshing native plugins compatible for Editor in 0.28 ms, found 0 plugins.
Preloading 0 native plugins for Editor in 0.00 ms.
Mono: successfully reloaded assembly
- Completed reload, in  0.564 seconds
Platform modules already initialized, skipping
Refreshing native plugins compatible for Editor in 0.14 ms, found 0 plugins.
Preloading 0 native plugins for Editor in 0.00 ms.
Unloading 1420 Unused Serialized files (Serialized files now loaded: 0)
System memory in use before: 67.9 MB.
System memory in use after: 67.9 MB.

Unloading 5 unused Assets to reduce memory usage. Loaded Objects now: 1884.
Total: 1.959400 ms (FindLiveObjects: 0.141600 ms CreateObjectMapping: 0.028800 ms MarkObjects: 1.735300 ms  DeleteObjects: 0.052700 ms)

========================================================================
Received Prepare
Registering precompiled user dll's ...
Registered in 0.000354 seconds.
Begin MonoManager ReloadAssembly
Native extension for WindowsStandalone target not found
Refreshing native plugins compatible for Editor in 0.27 ms, found 0 plugins.
Preloading 0 native plugins for Editor in 0.00 ms.
Mono: successfully reloaded assembly
- Completed reload, in  0.559 seconds
Platform modules already initialized, skipping
Refreshing native plugins compatible for Editor in 0.43 ms, found 0 plugins.
Preloading 0 native plugins for Editor in 0.00 ms.
Unloading 1420 Unused Serialized files (Serialized files now loaded: 0)
System memory in use before: 67.9 MB.
System memory in use after: 68.0 MB.

Unloading 5 unused Assets to reduce memory usage. Loaded Objects now: 1887.
Total: 1.976700 ms (FindLiveObjects: 0.230100 ms CreateObjectMapping: 0.044200 ms MarkObjects: 1.662300 ms  DeleteObjects: 0.039200 ms)

========================================================================
Received Prepare
Registering precompiled user dll's ...
Registered in 0.000340 seconds.
Begin MonoManager ReloadAssembly
Native extension for WindowsStandalone target not found
Refreshing native plugins compatible for Editor in 0.29 ms, found 0 plugins.
Preloading 0 native plugins for Editor in 0.00 ms.
Mono: successfully reloaded assembly
- Completed reload, in  0.553 seconds
Platform modules already initialized, skipping
Refreshing native plugins compatible for Editor in 0.14 ms, found 0 plugins.
Preloading 0 native plugins for Editor in 0.00 ms.
Unloading 1420 Unused Serialized files (Serialized files now loaded: 0)
System memory in use before: 67.9 MB.
System memory in use after: 68.0 MB.

Unloading 5 unused Assets to reduce memory usage. Loaded Objects now: 1890.
Total: 1.819800 ms (FindLiveObjects: 0.144600 ms CreateObjectMapping: 0.029500 ms MarkObjects: 1.590600 ms  DeleteObjects: 0.054200 ms)

========================================================================
Received Prepare
Registering precompiled user dll's ...
Registered in 0.000346 seconds.
Begin MonoManager ReloadAssembly
Native extension for WindowsStandalone target not found
Refreshing native plugins compatible for Editor in 0.27 ms, found 0 plugins.
Preloading 0 native plugins for Editor in 0.00 ms.
Mono: successfully reloaded assembly
- Completed reload, in  0.539 seconds
Platform modules already initialized, skipping
Refreshing native plugins compatible for Editor in 0.14 ms, found 0 plugins.
Preloading 0 native plugins for Editor in 0.00 ms.
Unloading 1420 Unused Serialized files (Serialized files now loaded: 0)
System memory in use before: 67.9 MB.
System memory in use after: 68.0 MB.

Unloading 5 unused Assets to reduce memory usage. Loaded Objects now: 1893.
Total: 1.599800 ms (FindLiveObjects: 0.158200 ms CreateObjectMapping: 0.030600 ms MarkObjects: 1.377300 ms  DeleteObjects: 0.032800 ms)

========================================================================
Received Prepare
Registering precompiled user dll's ...
Registered in 0.000310 seconds.
Begin MonoManager ReloadAssembly
Native extension for WindowsStandalone target not found
Refreshing native plugins compatible for Editor in 0.27 ms, found 0 plugins.
Preloading 0 native plugins for Editor in 0.00 ms.
Mono: successfully reloaded assembly
- Completed reload, in  0.549 seconds
Platform modules already initialized, skipping
Refreshing native plugins compatible for Editor in 0.14 ms, found 0 plugins.
Preloading 0 native plugins for Editor in 0.00 ms.
Unloading 1420 Unused Serialized files (Serialized files now loaded: 0)
System memory in use before: 67.9 MB.
System memory in use after: 68.0 MB.

Unloading 5 unused Assets to reduce memory usage. Loaded Objects now: 1896.
Total: 2.004400 ms (FindLiveObjects: 0.194500 ms CreateObjectMapping: 0.029300 ms MarkObjects: 1.726100 ms  DeleteObjects: 0.053300 ms)

========================================================================
Received Prepare
Registering precompiled user dll's ...
Registered in 0.000346 seconds.
Begin MonoManager ReloadAssembly
Native extension for WindowsStandalone target not found
Refreshing native plugins compatible for Editor in 0.27 ms, found 0 plugins.
Preloading 0 native plugins for Editor in 0.00 ms.
Mono: successfully reloaded assembly
- Completed reload, in  0.544 seconds
Platform modules already initialized, skipping
Refreshing native plugins compatible for Editor in 0.16 ms, found 0 plugins.
Preloading 0 native plugins for Editor in 0.00 ms.
Unloading 1420 Unused Serialized files (Serialized files now loaded: 0)
System memory in use before: 67.9 MB.
System memory in use after: 68.0 MB.

Unloading 5 unused Assets to reduce memory usage. Loaded Objects now: 1899.
Total: 1.538300 ms (FindLiveObjects: 0.149500 ms CreateObjectMapping: 0.028000 ms MarkObjects: 1.333000 ms  DeleteObjects: 0.027100 ms)

========================================================================
Received Prepare
Registering precompiled user dll's ...
Registered in 0.000311 seconds.
Begin MonoManager ReloadAssembly
Native extension for WindowsStandalone target not found
Refreshing native plugins compatible for Editor in 0.27 ms, found 0 plugins.
Preloading 0 native plugins for Editor in 0.00 ms.
Mono: successfully reloaded assembly
- Completed reload, in  0.549 seconds
Platform modules already initialized, skipping
Refreshing native plugins compatible for Editor in 0.19 ms, found 0 plugins.
Preloading 0 native plugins for Editor in 0.00 ms.
Unloading 1420 Unused Serialized files (Serialized files now loaded: 0)
System memory in use before: 67.9 MB.
System memory in use after: 68.0 MB.

Unloading 5 unused Assets to reduce memory usage. Loaded Objects now: 1902.
Total: 1.739700 ms (FindLiveObjects: 0.158700 ms CreateObjectMapping: 0.029400 ms MarkObjects: 1.500400 ms  DeleteObjects: 0.050600 ms)

========================================================================
Received Import Request.
  Time since last request: 180.797270 seconds.
  path: Assets/UJoystick/Content
  artifactKey: Guid(c1c8667baeb38f246a1d6fda604a9468) Importer(815301076,1909f56bfc062723c751e8b465ee728b)
Start importing Assets/UJoystick/Content using Guid(c1c8667baeb38f246a1d6fda604a9468) Importer(815301076,1909f56bfc062723c751e8b465ee728b)  -> (artifact id: '724778afd69e5f87f2dc31df72c1004d') in 0.006848 seconds
  Import took 0.008756 seconds .

========================================================================
Received Import Request.
  Time since last request: 0.000392 seconds.
  path: Assets/UJoystick/Content
  artifactKey: Guid(c1c8667baeb38f246a1d6fda604a9468) Importer(815301076,1909f56bfc062723c751e8b465ee728b)
Start importing Assets/UJoystick/Content using Guid(c1c8667baeb38f246a1d6fda604a9468) Importer(815301076,1909f56bfc062723c751e8b465ee728b)  -> (artifact id: '724778afd69e5f87f2dc31df72c1004d') in 0.000999 seconds
  Import took 0.002657 seconds .

========================================================================
Received Import Request.
  Time since last request: 5.721037 seconds.
  path: Assets/UJoystick/Content/Art/UI/FilledCircle.png
  artifactKey: Guid(033d36940848f11419a2dd62890bae20) Importer(815301076,1909f56bfc062723c751e8b465ee728b)
Start importing Assets/UJoystick/Content/Art/UI/FilledCircle.png using Guid(033d36940848f11419a2dd62890bae20) Importer(815301076,1909f56bfc062723c751e8b465ee728b)  -> (artifact id: '667ff32fd6908308c8cfc62c5fb88a94') in 0.076956 seconds
  Import took 0.079096 seconds .

========================================================================
Received Import Request.
  Time since last request: 0.000147 seconds.
  path: Assets/UJoystick/Content/Art/UI/OutLineCircle.png
  artifactKey: Guid(92cdaa36a4157434b90c94cad63204cd) Importer(815301076,1909f56bfc062723c751e8b465ee728b)
Start importing Assets/UJoystick/Content/Art/UI/OutLineCircle.png using Guid(92cdaa36a4157434b90c94cad63204cd) Importer(815301076,1909f56bfc062723c751e8b465ee728b)  -> (artifact id: 'a28f9d725cc4677b11e9bd9a2f3560ac') in 0.007526 seconds
  Import took 0.009033 seconds .

========================================================================
Received Import Request.
  Time since last request: 27.182260 seconds.
  path: Assets/Scripts/Gameplay/InputManager.cs
  artifactKey: Guid(ea891ec1cb2df1b4683997eb84f1ff4a) Importer(815301076,1909f56bfc062723c751e8b465ee728b)
Start importing Assets/Scripts/Gameplay/InputManager.cs using Guid(ea891ec1cb2df1b4683997eb84f1ff4a) Importer(815301076,1909f56bfc062723c751e8b465ee728b)  -> (artifact id: 'a66dfdefe482bde603646ce1c881a62f') in 0.004605 seconds
  Import took 0.006733 seconds .

========================================================================
Received Import Request.
  Time since last request: 0.000549 seconds.
  path: Assets/Scripts/Gameplay/InputManager.cs
  artifactKey: Guid(ea891ec1cb2df1b4683997eb84f1ff4a) Importer(815301076,1909f56bfc062723c751e8b465ee728b)
Start importing Assets/Scripts/Gameplay/InputManager.cs using Guid(ea891ec1cb2df1b4683997eb84f1ff4a) Importer(815301076,1909f56bfc062723c751e8b465ee728b)  -> (artifact id: 'a66dfdefe482bde603646ce1c881a62f') in 0.001135 seconds
  Import took 0.002804 seconds .

========================================================================
Received Prepare
Registering precompiled user dll's ...
Registered in 0.000385 seconds.
Begin MonoManager ReloadAssembly
Native extension for WindowsStandalone target not found
Refreshing native plugins compatible for Editor in 0.27 ms, found 0 plugins.
Preloading 0 native plugins for Editor in 0.00 ms.
Mono: successfully reloaded assembly
- Completed reload, in  0.534 seconds
Platform modules already initialized, skipping
Refreshing native plugins compatible for Editor in 0.17 ms, found 0 plugins.
Preloading 0 native plugins for Editor in 0.00 ms.
Unloading 1420 Unused Serialized files (Serialized files now loaded: 0)
System memory in use before: 71.0 MB.
System memory in use after: 71.1 MB.

Unloading 5 unused Assets to reduce memory usage. Loaded Objects now: 1911.
Total: 1.915600 ms (FindLiveObjects: 0.139900 ms CreateObjectMapping: 0.028100 ms MarkObjects: 1.692000 ms  DeleteObjects: 0.054400 ms)

AssetImportWorkerClient::OnTransportError - code=2 error=End of file
