Using pre-set license
Built from '2020.3/staging' branch; Version is '2020.3.5f1 (8095aa901b9b) revision 8426922'; Using compiler version '192528614'; Build Type 'Release'
OS: 'Windows 10 Home; OS build 19042.928; Version 2009; 64bit' Language: 'en' Physical Memory: 32697 MB
BatchMode: 1, IsHumanControllingUs: 0, StartBugReporterOnCrash: 0, Is64bit: 1, IsPro: 0

 COMMAND LINE ARGUMENTS:
C:\Program Files\Unity\Hub\Editor\2020.3.5f1\Editor\Unity.exe
-adb2
-batchMode
-noUpm
-name
AssetImportWorker0
-projectPath
D:/Git/ProjectAlpha/ProjectAlpha
-logFile
Logs/AssetImportWorker0.log
-srvPort
57011
Successfully changed project path to: D:/Git/ProjectAlpha/ProjectAlpha
D:/Git/ProjectAlpha/ProjectAlpha
Using Asset Import Pipeline V2.
Refreshing native plugins compatible for Editor in 27.12 ms, found 0 plugins.
Preloading 0 native plugins for Editor in 0.00 ms.
Initialize engine version: 2020.3.5f1 (8095aa901b9b)
[Subsystems] Discovering subsystems at path C:/Program Files/Unity/Hub/Editor/2020.3.5f1/Editor/Data/Resources/UnitySubsystems
[Subsystems] Discovering subsystems at path D:/Git/ProjectAlpha/ProjectAlpha/Assets
GfxDevice: creating device client; threaded=0
Direct3D:
    Version:  Direct3D 11.0 [level 11.1]
    Renderer: NVIDIA GeForce RTX 2060 (ID=0x1f08)
    Vendor:   
    VRAM:     5980 MB
    Driver:   27.21.14.6611
Initialize mono
Mono path[0] = 'C:/Program Files/Unity/Hub/Editor/2020.3.5f1/Editor/Data/Managed'
Mono path[1] = 'C:/Program Files/Unity/Hub/Editor/2020.3.5f1/Editor/Data/MonoBleedingEdge/lib/mono/unityjit'
Mono config path = 'C:/Program Files/Unity/Hub/Editor/2020.3.5f1/Editor/Data/MonoBleedingEdge/etc'
Using monoOptions --debugger-agent=transport=dt_socket,embedding=1,server=y,suspend=n,address=127.0.0.1:56712
Begin MonoManager ReloadAssembly
Registering precompiled unity dll's ...
Register platform support module: C:/Program Files/Unity/Hub/Editor/2020.3.5f1/Editor/Data/PlaybackEngines/WindowsStandaloneSupport/UnityEditor.WindowsStandalone.Extensions.dll
Registered in 0.002781 seconds.
Native extension for WindowsStandalone target not found
Refreshing native plugins compatible for Editor in 27.28 ms, found 0 plugins.
Preloading 0 native plugins for Editor in 0.00 ms.
Mono: successfully reloaded assembly
- Completed reload, in  2.485 seconds
Platform modules already initialized, skipping
Registering precompiled user dll's ...
Registered in 0.000676 seconds.
Begin MonoManager ReloadAssembly
Native extension for WindowsStandalone target not found
Refreshing native plugins compatible for Editor in 0.24 ms, found 0 plugins.
Preloading 0 native plugins for Editor in 0.00 ms.
Mono: successfully reloaded assembly
- Completed reload, in  1.002 seconds
Platform modules already initialized, skipping
========================================================================
Worker process is ready to serve import requests
Launched and connected shader compiler UnityShaderCompiler.exe after 0.06 seconds
Refreshing native plugins compatible for Editor in 0.23 ms, found 0 plugins.
Preloading 0 native plugins for Editor in 0.00 ms.
Unloading 1124 Unused Serialized files (Serialized files now loaded: 0)
System memory in use before: 57.3 MB.
System memory in use after: 57.3 MB.

Unloading 10 unused Assets to reduce memory usage. Loaded Objects now: 1566.
Total: 1.953700 ms (FindLiveObjects: 0.172000 ms CreateObjectMapping: 0.031800 ms MarkObjects: 1.663900 ms  DeleteObjects: 0.084500 ms)

========================================================================
Received Import Request.
  path: Assets
  artifactKey: Guid(00000000000000001000000000000000) Importer(815301076,1909f56bfc062723c751e8b465ee728b)
Start importing Assets using Guid(00000000000000001000000000000000) Importer(815301076,1909f56bfc062723c751e8b465ee728b)  -> (artifact id: 'e4856052512617ee48189cf1d7999900') in 0.008687 seconds
  Import took 0.010798 seconds .

========================================================================
Received Import Request.
  Time since last request: 0.000217 seconds.
  path: Assets/Scripts
  artifactKey: Guid(ae41bd6c64205de489ce06220450e0cd) Importer(815301076,1909f56bfc062723c751e8b465ee728b)
Start importing Assets/Scripts using Guid(ae41bd6c64205de489ce06220450e0cd) Importer(815301076,1909f56bfc062723c751e8b465ee728b)  -> (artifact id: '845ab2b75d9f42dd9b3edd385a2f1e13') in 0.008475 seconds
  Import took 0.010346 seconds .

========================================================================
Received Import Request.
  Time since last request: 4.530374 seconds.
  path: Assets/Editor
  artifactKey: Guid(db1f289b7be5a224a8676de37f29c6bb) Importer(815301076,1909f56bfc062723c751e8b465ee728b)
Start importing Assets/Editor using Guid(db1f289b7be5a224a8676de37f29c6bb) Importer(815301076,1909f56bfc062723c751e8b465ee728b)  -> (artifact id: '9f76d5446b87ad7e100fa8e47d06e650') in 0.007015 seconds
  Import took 0.009177 seconds .

========================================================================
Received Import Request.
  Time since last request: 0.000791 seconds.
  path: Assets/Editor
  artifactKey: Guid(db1f289b7be5a224a8676de37f29c6bb) Importer(815301076,1909f56bfc062723c751e8b465ee728b)
Start importing Assets/Editor using Guid(db1f289b7be5a224a8676de37f29c6bb) Importer(815301076,1909f56bfc062723c751e8b465ee728b)  -> (artifact id: '9f76d5446b87ad7e100fa8e47d06e650') in 0.001780 seconds
  Import took 0.003853 seconds .

========================================================================
Received Import Request.
  Time since last request: 1.673294 seconds.
  path: Assets/AudioManager.cs
  artifactKey: Guid(b814391c4458fb742a8b5e6a4e90f6af) Importer(815301076,1909f56bfc062723c751e8b465ee728b)
Start importing Assets/AudioManager.cs using Guid(b814391c4458fb742a8b5e6a4e90f6af) Importer(815301076,1909f56bfc062723c751e8b465ee728b)  -> (artifact id: 'd591ed7e8475cdbc10106c677da4741a') in 0.034446 seconds
  Import took 0.036557 seconds .

========================================================================
Received Import Request.
  Time since last request: 0.007073 seconds.
  path: Assets/AudioManager.cs
  artifactKey: Guid(b814391c4458fb742a8b5e6a4e90f6af) Importer(815301076,1909f56bfc062723c751e8b465ee728b)
Start importing Assets/AudioManager.cs using Guid(b814391c4458fb742a8b5e6a4e90f6af) Importer(815301076,1909f56bfc062723c751e8b465ee728b)  -> (artifact id: 'd591ed7e8475cdbc10106c677da4741a') in 0.001935 seconds
  Import took 0.004032 seconds .

========================================================================
Received Import Request.
  Time since last request: 0.642806 seconds.
  path: Assets/DataManager.cs
  artifactKey: Guid(d7738c9fa874d774788e192324c26e3b) Importer(815301076,1909f56bfc062723c751e8b465ee728b)
Start importing Assets/DataManager.cs using Guid(d7738c9fa874d774788e192324c26e3b) Importer(815301076,1909f56bfc062723c751e8b465ee728b)  -> (artifact id: '0ca1fe8022543d6866e1d1c072ba85d2') in 0.007186 seconds
  Import took 0.009282 seconds .

========================================================================
Received Import Request.
  Time since last request: 35.691160 seconds.
  path: Assets/ResetStatsInspector.cs
  artifactKey: Guid(87beb31a80ed4904ea2cd80d6eab0464) Importer(815301076,1909f56bfc062723c751e8b465ee728b)
Start importing Assets/ResetStatsInspector.cs using Guid(87beb31a80ed4904ea2cd80d6eab0464) Importer(815301076,1909f56bfc062723c751e8b465ee728b)  -> (artifact id: '34fb0611e88053d3758b734f73d98508') in 0.006655 seconds
  Import took 0.009060 seconds .

========================================================================
Received Import Request.
  Time since last request: 0.000916 seconds.
  path: Assets/ResetStatsInspector.cs
  artifactKey: Guid(87beb31a80ed4904ea2cd80d6eab0464) Importer(815301076,1909f56bfc062723c751e8b465ee728b)
Start importing Assets/ResetStatsInspector.cs using Guid(87beb31a80ed4904ea2cd80d6eab0464) Importer(815301076,1909f56bfc062723c751e8b465ee728b)  -> (artifact id: '34fb0611e88053d3758b734f73d98508') in 0.002199 seconds
  Import took 0.004351 seconds .

========================================================================
Received Import Request.
  Time since last request: 1827.920308 seconds.
  path: Assets/Managers.asmdef
  artifactKey: Guid(941e3144bd4a337488874661c22e18a0) Importer(815301076,1909f56bfc062723c751e8b465ee728b)
Start importing Assets/Managers.asmdef using Guid(941e3144bd4a337488874661c22e18a0) Importer(815301076,1909f56bfc062723c751e8b465ee728b)  -> (artifact id: '67771b07d7e533cef453cfe422f9084b') in 0.503175 seconds
  Import took 0.505883 seconds .

========================================================================
Received Import Request.
  Time since last request: 17.674684 seconds.
  path: Assets/Scripts/Managers
  artifactKey: Guid(3ee949040bdefad4ebce417cb1d33499) Importer(815301076,1909f56bfc062723c751e8b465ee728b)
Start importing Assets/Scripts/Managers using Guid(3ee949040bdefad4ebce417cb1d33499) Importer(815301076,1909f56bfc062723c751e8b465ee728b)  -> (artifact id: 'dc7c2076227821b22755dc60fc692ee2') in 0.001888 seconds
  Import took 0.004032 seconds .

========================================================================
Received Import Request.
  Time since last request: 1.923414 seconds.
  path: Assets/Scripts/DataManager.cs
  artifactKey: Guid(d7738c9fa874d774788e192324c26e3b) Importer(815301076,1909f56bfc062723c751e8b465ee728b)
Start importing Assets/Scripts/DataManager.cs using Guid(d7738c9fa874d774788e192324c26e3b) Importer(815301076,1909f56bfc062723c751e8b465ee728b)  -> (artifact id: '2736b58e77ca14e07a8f62f13d28180a') in 0.001754 seconds
  Import took 0.003911 seconds .

========================================================================
Received Import Request.
  Time since last request: 0.000554 seconds.
  path: Assets/Scripts/DataManager.cs
  artifactKey: Guid(d7738c9fa874d774788e192324c26e3b) Importer(815301076,1909f56bfc062723c751e8b465ee728b)
Start importing Assets/Scripts/DataManager.cs using Guid(d7738c9fa874d774788e192324c26e3b) Importer(815301076,1909f56bfc062723c751e8b465ee728b)  -> (artifact id: '2736b58e77ca14e07a8f62f13d28180a') in 0.001932 seconds
  Import took 0.003789 seconds .

========================================================================
Received Import Request.
  Time since last request: 4.789985 seconds.
  path: Assets/Scripts/UIEffects.cs
  artifactKey: Guid(707430c8b17ca524c83a25015fd4145f) Importer(815301076,1909f56bfc062723c751e8b465ee728b)
Start importing Assets/Scripts/UIEffects.cs using Guid(707430c8b17ca524c83a25015fd4145f) Importer(815301076,1909f56bfc062723c751e8b465ee728b)  -> (artifact id: '6ed7c0d7438c4fe5992e5402dd16c85d') in 0.006748 seconds
  Import took 0.009191 seconds .

========================================================================
Received Import Request.
  Time since last request: 0.967561 seconds.
  path: Assets/Scripts/ShopManager.cs
  artifactKey: Guid(e4f374a0a5f21264a843ef721f56d707) Importer(815301076,1909f56bfc062723c751e8b465ee728b)
Start importing Assets/Scripts/ShopManager.cs using Guid(e4f374a0a5f21264a843ef721f56d707) Importer(815301076,1909f56bfc062723c751e8b465ee728b)  -> (artifact id: 'c5edeb1c9e0adbbffcc78277012d519b') in 0.015456 seconds
  Import took 0.018926 seconds .

========================================================================
Received Import Request.
  Time since last request: 0.006441 seconds.
  path: Assets/Scripts/ShopManager.cs
  artifactKey: Guid(e4f374a0a5f21264a843ef721f56d707) Importer(815301076,1909f56bfc062723c751e8b465ee728b)
Start importing Assets/Scripts/ShopManager.cs using Guid(e4f374a0a5f21264a843ef721f56d707) Importer(815301076,1909f56bfc062723c751e8b465ee728b)  -> (artifact id: 'c5edeb1c9e0adbbffcc78277012d519b') in 0.010485 seconds
  Import took 0.019041 seconds .

========================================================================
Received Import Request.
  Time since last request: 20.624990 seconds.
  path: Assets/Scripts/DefaultNamespace.asmdef
  artifactKey: Guid(eac2ddf79f7446a49933f97ec2a8973a) Importer(815301076,1909f56bfc062723c751e8b465ee728b)
Start importing Assets/Scripts/DefaultNamespace.asmdef using Guid(eac2ddf79f7446a49933f97ec2a8973a) Importer(815301076,1909f56bfc062723c751e8b465ee728b)  -> (artifact id: 'ac11968f955708be259091e42dc4a48f') in 0.007585 seconds
  Import took 0.009950 seconds .

========================================================================
Received Import Request.
  Time since last request: 0.004936 seconds.
  path: Assets/Scripts/DefaultNamespace.asmdef
  artifactKey: Guid(eac2ddf79f7446a49933f97ec2a8973a) Importer(815301076,1909f56bfc062723c751e8b465ee728b)
Start importing Assets/Scripts/DefaultNamespace.asmdef using Guid(eac2ddf79f7446a49933f97ec2a8973a) Importer(815301076,1909f56bfc062723c751e8b465ee728b)  -> (artifact id: 'ac11968f955708be259091e42dc4a48f') in 0.001886 seconds
  Import took 0.004279 seconds .

========================================================================
Received Prepare
Registering precompiled user dll's ...
Registered in 0.000654 seconds.
Begin MonoManager ReloadAssembly
Native extension for WindowsStandalone target not found
Refreshing native plugins compatible for Editor in 0.25 ms, found 0 plugins.
Preloading 0 native plugins for Editor in 0.00 ms.
Mono: successfully reloaded assembly
- Completed reload, in  0.966 seconds
Platform modules already initialized, skipping
Refreshing native plugins compatible for Editor in 0.24 ms, found 0 plugins.
Preloading 0 native plugins for Editor in 0.00 ms.
Unloading 1122 Unused Serialized files (Serialized files now loaded: 0)
System memory in use before: 57.3 MB.
System memory in use after: 57.4 MB.

Unloading 5 unused Assets to reduce memory usage. Loaded Objects now: 1572.
Total: 1.752000 ms (FindLiveObjects: 0.172000 ms CreateObjectMapping: 0.030900 ms MarkObjects: 1.489500 ms  DeleteObjects: 0.058200 ms)

AssetImportWorkerClient::OnTransportError - code=2 error=End of file
